INFO:    underlay of /usr/bin/nvidia-cuda-mps-server required more than 50 (479) bind mounts
15:4: not a valid test operator:  
15:4: not a valid test operator: 13.0
21:4: not a valid test operator: (
21:4: not a valid test operator: 535.154.05
downloading uv 0.9.18 x86_64-unknown-linux-gnu
Using CPython 3.13.9
Removed virtual environment at: .venv
Creating virtual environment at: .venv
Resolved 62 packages in 4ms
Downloading numpy (15.6MiB)
Downloading jaxlib (76.4MiB)
Downloading tensorstore (20.0MiB)
Downloading jax-cuda13-plugin (5.4MiB)
Downloading ml-dtypes (4.8MiB)
 Downloaded ml-dtypes
 Downloaded jax-cuda13-plugin
 Downloaded tensorstore
 Downloaded jaxlib
 Downloaded numpy
Prepared 6 packages in 2.49s
warning: Failed to hardlink files; falling back to full copy. This may lead to degraded performance.
         If the cache and target directories are on different filesystems, hardlinking may not be supported.
         If this is intentional, set `export UV_LINK_MODE=copy` or use `--link-mode=copy` to suppress this warning.
Installed 60 packages in 13.31s
 + absl-py==2.3.1
 + aiofiles==25.1.0
 + chex==0.1.91
 + coverage==7.13.0
 + etils==1.13.0
 + execnet==2.1.2
 + flax==0.12.2
 + fsspec==2025.12.0
 + humanize==4.15.0
 + importlib-resources==6.5.2
 + iniconfig==2.3.0
 + jax==0.8.2
 + jax-cuda13-pjrt==0.8.2
 + jax-cuda13-plugin==0.8.2
 + jaxlib==0.8.2
 + markdown-it-py==4.0.0
 + mctx==0.0.6
 + mdurl==0.1.2
 + ml-dtypes==0.5.4
 + msgpack==1.1.2
 + nest-asyncio==1.6.0
 + numpy==2.4.0
 + nvidia-cublas==13.2.0.9
 + nvidia-cuda-crt==13.1.80
 + nvidia-cuda-cupti==13.1.75
 + nvidia-cuda-nvcc==13.1.80
 + nvidia-cuda-nvrtc==13.1.80
 + nvidia-cuda-runtime==13.1.80
 + nvidia-cudnn-cu13==9.17.1.4
 + nvidia-cufft==12.1.0.31
 + nvidia-cusolver==12.0.7.41
 + nvidia-cusparse==12.7.2.19
 + nvidia-nccl-cu13==2.28.9
 + nvidia-nvjitlink==13.1.80
 + nvidia-nvshmem-cu13==3.4.5
 + nvidia-nvvm==13.1.80
 + opt-einsum==3.4.0
 + optax==0.2.6
 + orbax-checkpoint==0.11.31
 + packaging==25.0
 + pgx==2.6.0
 + pluggy==1.6.0
 + protobuf==6.33.2
 + psutil==7.1.3
 + pygments==2.19.2
 + pytest==9.0.2
 + pytest-cov==7.0.0
 + pytest-xdist==3.8.0
 + pyyaml==6.0.3
 + rich==14.2.0
 + ruff==0.6.0
 + scipy==1.16.3
 + simplejson==3.20.2
 + svgwrite==1.4.3
 + tensorstore==0.1.80
 + toolz==1.1.0
 + treescope==0.1.10
 + ty==0.0.5
 + typing-extensions==4.15.0
 + zipp==3.23.0
slurmstepd: error: Detected 1 oom_kill event in StepId=49159195.batch. Some of the step tasks have been OOM Killed.
