INFO:    underlay of /usr/bin/nvidia-persistenced required more than 50 (479) bind mounts
15:4: not a valid test operator:  
15:4: not a valid test operator: 13.0
21:4: not a valid test operator: (
21:4: not a valid test operator: 535.154.05
downloading uv 0.9.20 x86_64-unknown-linux-gnu
Resolved 62 packages in 1ms
Audited 60 packages in 250ms
/var/lib/slurm/slurmd/job49172963/slurm_script: line 67:  7394 Bus error               apptainer exec --nv "${JAX_IMAGE}" bash -c '
  echo "Container started"
  set -euo pipefail
  
  # uv setup
  curl -LsSf https://astral.sh/uv/install.sh | sh
  source $HOME/.local/bin/env
  echo "uv installed!"
  uv --version
  uv run python --version
  
  # sync dependencies
  uv sync --group cuda
  
  # check jax+nvidia drivers+cuda are working correctly
  nvidia-smi
  nvcc --version
  uv run python -c "import jax; print(jax.devices())"
  
  # run training
  uv run python __main__.py train --config config/default.toml
'
slurmstepd: error: Detected 991 oom_kill events in StepId=49172963.batch. Some of the step tasks have been OOM Killed.
